<?xml version="1.0" encoding="UTF-8"?>
<testsuite name="io.github.nosibi.accounttransfer.transfer.TransferServiceTest" tests="1" skipped="0" failures="0" errors="0" timestamp="2026-02-22T12:13:49.855Z" hostname="DESKTOP-571G4H1" time="1.095">
  <properties/>
  <testcase name="failLogTest()" classname="io.github.nosibi.accounttransfer.transfer.TransferServiceTest" time="1.095"/>
  <system-out><![CDATA[21:13:44.727 [Test worker] INFO org.springframework.test.context.support.AnnotationConfigContextLoaderUtils -- Could not detect default configuration classes for test class [io.github.nosibi.accounttransfer.transfer.TransferServiceTest]: TransferServiceTest does not declare any static, non-private, non-final, nested classes annotated with @Configuration.
21:13:44.899 [Test worker] INFO org.springframework.boot.test.context.SpringBootTestContextBootstrapper -- Found @SpringBootConfiguration io.github.nosibi.accounttransfer.AccountTransferApplication for test class io.github.nosibi.accounttransfer.transfer.TransferServiceTest

  .   ____          _            __ _ _
 /\\ / ___'_ __ _ _(_)_ __  __ _ \ \ \ \
( ( )\___ | '_ | '_| | '_ \/ _` | \ \ \ \
 \\/  ___)| |_)| | | | | || (_| |  ) ) ) )
  '  |____| .__|_| |_|_| |_\__, | / / / /
 =========|_|==============|___/=/_/_/_/

 :: Spring Boot ::               (v3.5.10)

2026-02-22T21:13:45.403+09:00  INFO 14556 --- [test] [    Test worker] i.g.n.a.transfer.TransferServiceTest     : Starting TransferServiceTest using Java 17.0.12 with PID 14556 (started by SAMSUNG in C:\spring\accounttransfer)
2026-02-22T21:13:45.404+09:00  INFO 14556 --- [test] [    Test worker] i.g.n.a.transfer.TransferServiceTest     : The following 1 profile is active: "test"
2026-02-22T21:13:46.229+09:00  INFO 14556 --- [test] [    Test worker] .s.d.r.c.RepositoryConfigurationDelegate : Bootstrapping Spring Data JPA repositories in DEFAULT mode.
2026-02-22T21:13:46.303+09:00  INFO 14556 --- [test] [    Test worker] .s.d.r.c.RepositoryConfigurationDelegate : Finished Spring Data repository scanning in 61 ms. Found 1 JPA repository interface.
2026-02-22T21:13:46.767+09:00  INFO 14556 --- [test] [    Test worker] com.zaxxer.hikari.HikariDataSource       : HikariPool-1 - Starting...
2026-02-22T21:13:46.992+09:00  INFO 14556 --- [test] [    Test worker] com.zaxxer.hikari.pool.HikariPool        : HikariPool-1 - Added connection conn0: url=jdbc:h2:mem:67533999-dc34-446d-beb5-a41797d55518 user=SA
2026-02-22T21:13:46.994+09:00  INFO 14556 --- [test] [    Test worker] com.zaxxer.hikari.HikariDataSource       : HikariPool-1 - Start completed.
2026-02-22T21:13:47.053+09:00  INFO 14556 --- [test] [    Test worker] o.hibernate.jpa.internal.util.LogHelper  : HHH000204: Processing PersistenceUnitInfo [name: default]
2026-02-22T21:13:47.161+09:00  INFO 14556 --- [test] [    Test worker] org.hibernate.Version                    : HHH000412: Hibernate ORM core version 6.6.41.Final
2026-02-22T21:13:47.216+09:00  INFO 14556 --- [test] [    Test worker] o.h.c.internal.RegionFactoryInitiator    : HHH000026: Second-level cache disabled
2026-02-22T21:13:47.631+09:00  INFO 14556 --- [test] [    Test worker] o.s.o.j.p.SpringPersistenceUnitInfo      : No LoadTimeWeaver setup: ignoring JPA class transformer
2026-02-22T21:13:47.742+09:00  INFO 14556 --- [test] [    Test worker] org.hibernate.orm.connections.pooling    : HHH10001005: Database info:
	Database JDBC URL [Connecting through datasource 'HikariDataSource (HikariPool-1)']
	Database driver: undefined/unknown
	Database version: 2.3.232
	Autocommit mode: undefined/unknown
	Isolation level: undefined/unknown
	Minimum pool size: undefined/unknown
	Maximum pool size: undefined/unknown
2026-02-22T21:13:48.722+09:00  INFO 14556 --- [test] [    Test worker] o.h.e.t.j.p.i.JtaPlatformInitiator       : HHH000489: No JTA platform available (set 'hibernate.transaction.jta.platform' to enable JTA platform integration)
2026-02-22T21:13:48.772+09:00  INFO 14556 --- [test] [    Test worker] j.LocalContainerEntityManagerFactoryBean : Initialized JPA EntityManagerFactory for persistence unit 'default'
2026-02-22T21:13:49.378+09:00  WARN 14556 --- [test] [    Test worker] JpaBaseConfiguration$JpaWebConfiguration : spring.jpa.open-in-view is enabled by default. Therefore, database queries may be performed during view rendering. Explicitly configure spring.jpa.open-in-view to disable this warning
2026-02-22T21:13:49.836+09:00  INFO 14556 --- [test] [    Test worker] i.g.n.a.transfer.TransferServiceTest     : Started TransferServiceTest in 4.75 seconds (process running for 6.117)
2026-02-22T21:13:50.567+09:00 DEBUG 14556 --- [test] [    Test worker] o.s.jdbc.datasource.DataSourceUtils      : Setting JDBC Connection [HikariProxyConnection@1725548614 wrapping conn0: url=jdbc:h2:mem:67533999-dc34-446d-beb5-a41797d55518 user=SA] read-only
2026-02-22T21:13:50.570+09:00 DEBUG 14556 --- [test] [    Test worker] o.s.jdbc.datasource.DataSourceUtils      : Resetting read-only flag of JDBC Connection [HikariProxyConnection@1725548614 wrapping conn0: url=jdbc:h2:mem:67533999-dc34-446d-beb5-a41797d55518 user=SA]
2026-02-22T21:13:50.572+09:00 DEBUG 14556 --- [test] [    Test worker] o.s.jdbc.datasource.DataSourceUtils      : Setting JDBC Connection [HikariProxyConnection@281091638 wrapping conn0: url=jdbc:h2:mem:67533999-dc34-446d-beb5-a41797d55518 user=SA] read-only
2026-02-22T21:13:50.575+09:00 DEBUG 14556 --- [test] [    Test worker] o.s.jdbc.datasource.DataSourceUtils      : Resetting read-only flag of JDBC Connection [HikariProxyConnection@281091638 wrapping conn0: url=jdbc:h2:mem:67533999-dc34-446d-beb5-a41797d55518 user=SA]
]]></system-out>
  <system-err><![CDATA[]]></system-err>
</testsuite>
